0 info it worked if it ends with ok
1 verbose cli [ '/usr/bin/node',
1 verbose cli   '/usr/bin/npm',
1 verbose cli   'install',
1 verbose cli   '–g',
1 verbose cli   'create',
1 verbose cli   '–react-app' ]
2 info using npm@6.14.12
3 info using node@v10.24.1
4 verbose npm-session 6baeedc08c2c9ddf
5 error arg Argument starts with non-ascii dash, this is probably invalid: [ '–g', 'create', '–react-app' ]
6 silly install loadCurrentTree
7 silly install readLocalPackageData
8 silly fetchPackageMetaData error for create@latest install –g create –react-app is not a legal HTTP header value
9 timing stage:rollbackFailedOptional Completed in 10ms
10 timing stage:runTopLevelLifecycles Completed in 302ms
11 verbose stack Error: Invalid tag name "–g": Tags may not have any characters that encodeURIComponent encodes.
11 verbose stack     at invalidTagName (/usr/lib/node_modules/npm/node_modules/npm-package-arg/npa.js:91:15)
11 verbose stack     at fromRegistry (/usr/lib/node_modules/npm/node_modules/npm-package-arg/npa.js:296:13)
11 verbose stack     at resolve (/usr/lib/node_modules/npm/node_modules/npm-package-arg/npa.js:81:12)
11 verbose stack     at npa (/usr/lib/node_modules/npm/node_modules/npm-package-arg/npa.js:52:10)
11 verbose stack     at /usr/lib/node_modules/npm/lib/install/deps.js:231:14
11 verbose stack     at /usr/lib/node_modules/npm/node_modules/slide/lib/async-map.js:52:35
11 verbose stack     at Array.forEach (<anonymous>)
11 verbose stack     at /usr/lib/node_modules/npm/node_modules/slide/lib/async-map.js:52:11
11 verbose stack     at Array.forEach (<anonymous>)
11 verbose stack     at asyncMap (/usr/lib/node_modules/npm/node_modules/slide/lib/async-map.js:51:8)
11 verbose stack     at exports.getAllMetadata (/usr/lib/node_modules/npm/lib/install/deps.js:228:3)
11 verbose stack     at Installer.loadArgMetadata (/usr/lib/node_modules/npm/lib/install.js:366:3)
11 verbose stack     at /usr/lib/node_modules/npm/lib/install.js:704:16
11 verbose stack     at BB.join.then (/usr/lib/node_modules/npm/lib/install/read-shrinkwrap.js:33:16)
11 verbose stack     at tryCatcher (/usr/lib/node_modules/npm/node_modules/bluebird/js/release/util.js:16:23)
11 verbose stack     at Promise._settlePromiseFromHandler (/usr/lib/node_modules/npm/node_modules/bluebird/js/release/promise.js:517:31)
12 verbose cwd /root/visits
13 verbose Linux 3.10.0-1160.el7.x86_64
14 verbose argv "/usr/bin/node" "/usr/bin/npm" "install" "–g" "create" "–react-app"
15 verbose node v10.24.1
16 verbose npm  v6.14.12
17 error code EINVALIDTAGNAME
18 error Invalid tag name "–g": Tags may not have any characters that encodeURIComponent encodes.
19 verbose exit [ 1, true ]
